[INFO  - 2018-07-21T07:27:07.773Z] GhostDriver - Main - running on port 1250
[INFO  - 2018-07-21T07:27:09.370Z] Session [7a4cd6c0-8cb7-11e8-8479-b5da99bae9bd] - page.settings - {"XSSAuditingEnabled":false,"javascriptCanCloseWindows":true,"javascriptCanOpenWindows":true,"javascriptEnabled":true,"loadImages":false,"localToRemoteUrlAccessEnabled":false,"userAgent":"Mozilla/5.0 (Windows NT 6.1; WOW64) AppleWebKit/538.1 (KHTML, like Gecko) PhantomJS/2.1.1 Safari/538.1","webSecurityEnabled":true}
[INFO  - 2018-07-21T07:27:09.370Z] Session [7a4cd6c0-8cb7-11e8-8479-b5da99bae9bd] - page.customHeaders:  - {}
[INFO  - 2018-07-21T07:27:09.370Z] Session [7a4cd6c0-8cb7-11e8-8479-b5da99bae9bd] - Session.negotiatedCapabilities - {"browserName":"phantomjs","version":"2.1.1","driverName":"ghostdriver","driverVersion":"1.2.0","platform":"windows-7-32bit","javascriptEnabled":true,"takesScreenshot":true,"handlesAlerts":false,"databaseEnabled":false,"locationContextEnabled":false,"applicationCacheEnabled":false,"browserConnectionEnabled":false,"cssSelectorsEnabled":true,"webStorageEnabled":false,"rotatable":false,"acceptSslCerts":false,"nativeEvents":true,"proxy":{"proxyType":"direct"}}
[INFO  - 2018-07-21T07:27:09.370Z] SessionManagerReqHand - _postNewSessionCommand - New Session Created: 7a4cd6c0-8cb7-11e8-8479-b5da99bae9bd
[ERROR - 2018-07-21T07:27:12.604Z] Session [7a4cd6c0-8cb7-11e8-8479-b5da99bae9bd] - page.onError - msg: /mm/tb-page-peel/0.0.5/index is not loaded! can not find module in path : https://g.alicdn.com/mm/tb-page-peel/0.0.5/index-min.js

  phantomjs://platform/console++.js:263 in error
[ERROR - 2018-07-21T07:27:12.604Z] Session [7a4cd6c0-8cb7-11e8-8479-b5da99bae9bd] - page.onError - stack:
  (anonymous function) (https://g.alicdn.com/??kissy/k/6.2.4/seed-min.js,kg/global-util/1.0.7/index-min.js,tb/tracker/4.3.5/index.js,kg/tb-nav/2.5.3/index-min.js,secdev/sufei_data/3.3.5/index.js:5)

  phantomjs://platform/console++.js:263 in error
[ERROR - 2018-07-21T07:27:13.780Z] Session [7a4cd6c0-8cb7-11e8-8479-b5da99bae9bd] - page.onError - msg: kg/search-suggest/6.3.1/index is not loaded! can not find module in path : https://g.alicdn.com/kg/??search-suggest/6.3.1/index-min.js,search-suggest/6.3.1/plugin/history-min.js,search-suggest/6.3.1/plugin/cloud-min.js,search-suggest/6.3.1/plugin/tab-min.js,search-suggest/6.3.1/plugin/history-magic-min.js,search-suggest/6.3.1/plugin/imgsearch-min.js,search-suggest/6.3.1/theme/pailitao/index-min.js

  phantomjs://platform/console++.js:263 in error
[ERROR - 2018-07-21T07:27:13.780Z] Session [7a4cd6c0-8cb7-11e8-8479-b5da99bae9bd] - page.onError - stack:
  (anonymous function) (https://g.alicdn.com/??kissy/k/6.2.4/seed-min.js,kg/global-util/1.0.7/index-min.js,tb/tracker/4.3.5/index.js,kg/tb-nav/2.5.3/index-min.js,secdev/sufei_data/3.3.5/index.js:5)

  phantomjs://platform/console++.js:263 in error
[ERROR - 2018-07-21T07:27:13.781Z] Session [7a4cd6c0-8cb7-11e8-8479-b5da99bae9bd] - page.onError - msg: kg/search-suggest/6.3.1/plugin/history is not loaded! can not find module in path : https://g.alicdn.com/kg/??search-suggest/6.3.1/index-min.js,search-suggest/6.3.1/plugin/history-min.js,search-suggest/6.3.1/plugin/cloud-min.js,search-suggest/6.3.1/plugin/tab-min.js,search-suggest/6.3.1/plugin/history-magic-min.js,search-suggest/6.3.1/plugin/imgsearch-min.js,search-suggest/6.3.1/theme/pailitao/index-min.js

  phantomjs://platform/console++.js:263 in error
[ERROR - 2018-07-21T07:27:13.781Z] Session [7a4cd6c0-8cb7-11e8-8479-b5da99bae9bd] - page.onError - stack:
  (anonymous function) (https://g.alicdn.com/??kissy/k/6.2.4/seed-min.js,kg/global-util/1.0.7/index-min.js,tb/tracker/4.3.5/index.js,kg/tb-nav/2.5.3/index-min.js,secdev/sufei_data/3.3.5/index.js:5)

  phantomjs://platform/console++.js:263 in error
[ERROR - 2018-07-21T07:27:13.781Z] Session [7a4cd6c0-8cb7-11e8-8479-b5da99bae9bd] - page.onError - msg: kg/search-suggest/6.3.1/plugin/cloud is not loaded! can not find module in path : https://g.alicdn.com/kg/??search-suggest/6.3.1/index-min.js,search-suggest/6.3.1/plugin/history-min.js,search-suggest/6.3.1/plugin/cloud-min.js,search-suggest/6.3.1/plugin/tab-min.js,search-suggest/6.3.1/plugin/history-magic-min.js,search-suggest/6.3.1/plugin/imgsearch-min.js,search-suggest/6.3.1/theme/pailitao/index-min.js

  phantomjs://platform/console++.js:263 in error
[ERROR - 2018-07-21T07:27:13.781Z] Session [7a4cd6c0-8cb7-11e8-8479-b5da99bae9bd] - page.onError - stack:
  (anonymous function) (https://g.alicdn.com/??kissy/k/6.2.4/seed-min.js,kg/global-util/1.0.7/index-min.js,tb/tracker/4.3.5/index.js,kg/tb-nav/2.5.3/index-min.js,secdev/sufei_data/3.3.5/index.js:5)

  phantomjs://platform/console++.js:263 in error
[ERROR - 2018-07-21T07:27:13.781Z] Session [7a4cd6c0-8cb7-11e8-8479-b5da99bae9bd] - page.onError - msg: kg/search-suggest/6.3.1/plugin/tab is not loaded! can not find module in path : https://g.alicdn.com/kg/??search-suggest/6.3.1/index-min.js,search-suggest/6.3.1/plugin/history-min.js,search-suggest/6.3.1/plugin/cloud-min.js,search-suggest/6.3.1/plugin/tab-min.js,search-suggest/6.3.1/plugin/history-magic-min.js,search-suggest/6.3.1/plugin/imgsearch-min.js,search-suggest/6.3.1/theme/pailitao/index-min.js

  phantomjs://platform/console++.js:263 in error
[ERROR - 2018-07-21T07:27:13.781Z] Session [7a4cd6c0-8cb7-11e8-8479-b5da99bae9bd] - page.onError - stack:
  (anonymous function) (https://g.alicdn.com/??kissy/k/6.2.4/seed-min.js,kg/global-util/1.0.7/index-min.js,tb/tracker/4.3.5/index.js,kg/tb-nav/2.5.3/index-min.js,secdev/sufei_data/3.3.5/index.js:5)

  phantomjs://platform/console++.js:263 in error
[ERROR - 2018-07-21T07:27:13.781Z] Session [7a4cd6c0-8cb7-11e8-8479-b5da99bae9bd] - page.onError - msg: kg/search-suggest/6.3.1/plugin/history-magic is not loaded! can not find module in path : https://g.alicdn.com/kg/??search-suggest/6.3.1/index-min.js,search-suggest/6.3.1/plugin/history-min.js,search-suggest/6.3.1/plugin/cloud-min.js,search-suggest/6.3.1/plugin/tab-min.js,search-suggest/6.3.1/plugin/history-magic-min.js,search-suggest/6.3.1/plugin/imgsearch-min.js,search-suggest/6.3.1/theme/pailitao/index-min.js

  phantomjs://platform/console++.js:263 in error
[ERROR - 2018-07-21T07:27:13.781Z] Session [7a4cd6c0-8cb7-11e8-8479-b5da99bae9bd] - page.onError - stack:
  (anonymous function) (https://g.alicdn.com/??kissy/k/6.2.4/seed-min.js,kg/global-util/1.0.7/index-min.js,tb/tracker/4.3.5/index.js,kg/tb-nav/2.5.3/index-min.js,secdev/sufei_data/3.3.5/index.js:5)

  phantomjs://platform/console++.js:263 in error
[ERROR - 2018-07-21T07:27:13.781Z] Session [7a4cd6c0-8cb7-11e8-8479-b5da99bae9bd] - page.onError - msg: kg/search-suggest/6.3.1/plugin/imgsearch is not loaded! can not find module in path : https://g.alicdn.com/kg/??search-suggest/6.3.1/index-min.js,search-suggest/6.3.1/plugin/history-min.js,search-suggest/6.3.1/plugin/cloud-min.js,search-suggest/6.3.1/plugin/tab-min.js,search-suggest/6.3.1/plugin/history-magic-min.js,search-suggest/6.3.1/plugin/imgsearch-min.js,search-suggest/6.3.1/theme/pailitao/index-min.js

  phantomjs://platform/console++.js:263 in error
[ERROR - 2018-07-21T07:27:13.781Z] Session [7a4cd6c0-8cb7-11e8-8479-b5da99bae9bd] - page.onError - stack:
  (anonymous function) (https://g.alicdn.com/??kissy/k/6.2.4/seed-min.js,kg/global-util/1.0.7/index-min.js,tb/tracker/4.3.5/index.js,kg/tb-nav/2.5.3/index-min.js,secdev/sufei_data/3.3.5/index.js:5)

  phantomjs://platform/console++.js:263 in error
[ERROR - 2018-07-21T07:27:13.782Z] Session [7a4cd6c0-8cb7-11e8-8479-b5da99bae9bd] - page.onError - msg: kg/search-suggest/6.3.1/theme/pailitao/index is not loaded! can not find module in path : https://g.alicdn.com/kg/??search-suggest/6.3.1/index-min.js,search-suggest/6.3.1/plugin/history-min.js,search-suggest/6.3.1/plugin/cloud-min.js,search-suggest/6.3.1/plugin/tab-min.js,search-suggest/6.3.1/plugin/history-magic-min.js,search-suggest/6.3.1/plugin/imgsearch-min.js,search-suggest/6.3.1/theme/pailitao/index-min.js

  phantomjs://platform/console++.js:263 in error
[ERROR - 2018-07-21T07:27:13.782Z] Session [7a4cd6c0-8cb7-11e8-8479-b5da99bae9bd] - page.onError - stack:
  (anonymous function) (https://g.alicdn.com/??kissy/k/6.2.4/seed-min.js,kg/global-util/1.0.7/index-min.js,tb/tracker/4.3.5/index.js,kg/tb-nav/2.5.3/index-min.js,secdev/sufei_data/3.3.5/index.js:5)

  phantomjs://platform/console++.js:263 in error
[ERROR - 2018-07-21T07:27:15.951Z] Session [7a4cd6c0-8cb7-11e8-8479-b5da99bae9bd] - page.onError - msg: TypeError: undefined is not an object (evaluating 'MBOX[a].data')

  phantomjs://platform/console++.js:263 in error
[ERROR - 2018-07-21T07:27:15.951Z] Session [7a4cd6c0-8cb7-11e8-8479-b5da99bae9bd] - page.onError - stack:
  getData (https://acc.alicdn.com/tfscom/TB1o28iEeuSBuNjy1XcXXcYjFXa.js:5)
  (anonymous function) (https://acc.alicdn.com/tfscom/TB1o28iEeuSBuNjy1XcXXcYjFXa.js:10)
  _use (https://acc.alicdn.com/tfscom/TB1PxwCD3mTBuNjy1XbXXaMrVXa.js:1)
  load (https://acc.alicdn.com/tfscom/TB1PxwCD3mTBuNjy1XbXXaMrVXa.js:1)
  getData (https://acc.alicdn.com/tfscom/TB1o28iEeuSBuNjy1XcXXcYjFXa.js:10)
  render (https://acc.alicdn.com/tfscom/TB1o28iEeuSBuNjy1XcXXcYjFXa.js:13)
  s (https://acc.alicdn.com/tfscom/TB1o28iEeuSBuNjy1XcXXcYjFXa.js:15)
  (anonymous function) (https://acc.alicdn.com/tfscom/TB1o28iEeuSBuNjy1XcXXcYjFXa.js:15)
  _use (https://acc.alicdn.com/tfscom/TB1PxwCD3mTBuNjy1XbXXaMrVXa.js:1)
  load (https://acc.alicdn.com/tfscom/TB1PxwCD3mTBuNjy1XbXXaMrVXa.js:1)
  i (https://acc.alicdn.com/tfscom/TB1o28iEeuSBuNjy1XcXXcYjFXa.js:15)
  (anonymous function) (https://acc.alicdn.com/tfscom/TB1o28iEeuSBuNjy1XcXXcYjFXa.js:15)
  _use (https://acc.alicdn.com/tfscom/TB1PxwCD3mTBuNjy1XbXXaMrVXa.js:1)
  load (https://acc.alicdn.com/tfscom/TB1PxwCD3mTBuNjy1XbXXaMrVXa.js:1)
  (anonymous function) (https://acc.alicdn.com/tfscom/TB1o28iEeuSBuNjy1XcXXcYjFXa.js:15)

  phantomjs://platform/console++.js:263 in error
[INFO  - 2018-07-21T07:32:07.840Z] SessionManagerReqHand - _cleanupWindowlessSessions - Asynchronous Sessions clean-up phase starting NOW
